<InputModule> beginJob LOG : Total 4 files to process

Process all events form run
<InputModule>: Processed 0 entries (W3JetsToLNu_TuneZ2Star_8TeV-madgraph_Summer12_DR53X-PU_S10_START53_V7A-v1_AODSIM_339_6_kKr.root)
<InputModule>: Processed 1000 entries (W3JetsToLNu_TuneZ2Star_8TeV-madgraph_Summer12_DR53X-PU_S10_START53_V7A-v1_AODSIM_339_6_kKr.root)
<InputModule>: Processed 2000 entries (W3JetsToLNu_TuneZ2Star_8TeV-madgraph_Summer12_DR53X-PU_S10_START53_V7A-v1_AODSIM_339_6_kKr.root)
<InputModule>: Processed 3000 entries (W3JetsToLNu_TuneZ2Star_8TeV-madgraph_Summer12_DR53X-PU_S10_START53_V7A-v1_AODSIM_339_6_kKr.root)
<InputModule>: Processed 4000 entries (W3JetsToLNu_TuneZ2Star_8TeV-madgraph_Summer12_DR53X-PU_S10_START53_V7A-v1_AODSIM_339_6_kKr.root)
<InputModule>: Processed 5000 entries (W3JetsToLNu_TuneZ2Star_8TeV-madgraph_Summer12_DR53X-PU_S10_START53_V7A-v1_AODSIM_339_6_kKr.root)
<InputModule>: Processed 6000 entries (W3JetsToLNu_TuneZ2Star_8TeV-madgraph_Summer12_DR53X-PU_S10_START53_V7A-v1_AODSIM_339_6_kKr.root)
<InputModule>: Processed 7000 entries (W3JetsToLNu_TuneZ2Star_8TeV-madgraph_Summer12_DR53X-PU_S10_START53_V7A-v1_AODSIM_339_6_kKr.root)
<InputModule>: Processed 8000 entries (W3JetsToLNu_TuneZ2Star_8TeV-madgraph_Summer12_DR53X-PU_S10_START53_V7A-v1_AODSIM_339_6_kKr.root)
<InputModule>: Processed 9000 entries (W3JetsToLNu_TuneZ2Star_8TeV-madgraph_Summer12_DR53X-PU_S10_START53_V7A-v1_AODSIM_339_6_kKr.root)
<InputModule>: Processed 10000 entries (W3JetsToLNu_TuneZ2Star_8TeV-madgraph_Summer12_DR53X-PU_S10_START53_V7A-v1_AODSIM_339_6_kKr.root)
<InputModule>: Processed 11000 entries (W3JetsToLNu_TuneZ2Star_8TeV-madgraph_Summer12_DR53X-PU_S10_START53_V7A-v1_AODSIM_339_6_kKr.root)
<InputModule>: Processed 12000 entries (W3JetsToLNu_TuneZ2Star_8TeV-madgraph_Summer12_DR53X-PU_S10_START53_V7A-v1_AODSIM_339_6_kKr.root)
<InputModule>: Processed 13000 entries (W3JetsToLNu_TuneZ2Star_8TeV-madgraph_Summer12_DR53X-PU_S10_START53_V7A-v1_AODSIM_339_6_kKr.root)
<InputModule>: Processed 14000 entries (W3JetsToLNu_TuneZ2Star_8TeV-madgraph_Summer12_DR53X-PU_S10_START53_V7A-v1_AODSIM_339_6_kKr.root)
<InputModule>: Processed 15000 entries (W3JetsToLNu_TuneZ2Star_8TeV-madgraph_Summer12_DR53X-PU_S10_START53_V7A-v1_AODSIM_339_6_kKr.root)
<InputModule>: Processed 16000 entries (W3JetsToLNu_TuneZ2Star_8TeV-madgraph_Summer12_DR53X-PU_S10_START53_V7A-v1_AODSIM_339_6_kKr.root)
<InputModule>: Processed 17000 entries (W3JetsToLNu_TuneZ2Star_8TeV-madgraph_Summer12_DR53X-PU_S10_START53_V7A-v1_AODSIM_339_6_kKr.root)
<InputModule>: Processed 18000 entries (W3JetsToLNu_TuneZ2Star_8TeV-madgraph_Summer12_DR53X-PU_S10_START53_V7A-v1_AODSIM_339_6_kKr.root)
<InputModule>: Processed 19000 entries (W3JetsToLNu_TuneZ2Star_8TeV-madgraph_Summer12_DR53X-PU_S10_START53_V7A-v1_AODSIM_339_6_kKr.root)
<InputModule>: Processed 20000 entries (W3JetsToLNu_TuneZ2Star_8TeV-madgraph_Summer12_DR53X-PU_S10_START53_V7A-v1_AODSIM_33_1_moQ.root)
<InputModule>: Processed 21000 entries (W3JetsToLNu_TuneZ2Star_8TeV-madgraph_Summer12_DR53X-PU_S10_START53_V7A-v1_AODSIM_33_1_moQ.root)
<InputModule>: Processed 22000 entries (W3JetsToLNu_TuneZ2Star_8TeV-madgraph_Summer12_DR53X-PU_S10_START53_V7A-v1_AODSIM_33_1_moQ.root)
<InputModule>: Processed 23000 entries (W3JetsToLNu_TuneZ2Star_8TeV-madgraph_Summer12_DR53X-PU_S10_START53_V7A-v1_AODSIM_33_1_moQ.root)
<InputModule>: Processed 24000 entries (W3JetsToLNu_TuneZ2Star_8TeV-madgraph_Summer12_DR53X-PU_S10_START53_V7A-v1_AODSIM_33_1_moQ.root)
<InputModule>: Processed 25000 entries (W3JetsToLNu_TuneZ2Star_8TeV-madgraph_Summer12_DR53X-PU_S10_START53_V7A-v1_AODSIM_33_1_moQ.root)
<InputModule>: Processed 26000 entries (W3JetsToLNu_TuneZ2Star_8TeV-madgraph_Summer12_DR53X-PU_S10_START53_V7A-v1_AODSIM_33_1_moQ.root)
<InputModule>: Processed 27000 entries (W3JetsToLNu_TuneZ2Star_8TeV-madgraph_Summer12_DR53X-PU_S10_START53_V7A-v1_AODSIM_33_1_moQ.root)
<InputModule>: Processed 28000 entries (W3JetsToLNu_TuneZ2Star_8TeV-madgraph_Summer12_DR53X-PU_S10_START53_V7A-v1_AODSIM_33_1_moQ.root)
<InputModule>: Processed 29000 entries (W3JetsToLNu_TuneZ2Star_8TeV-madgraph_Summer12_DR53X-PU_S10_START53_V7A-v1_AODSIM_33_1_moQ.root)
<InputModule>: Processed 30000 entries (W3JetsToLNu_TuneZ2Star_8TeV-madgraph_Summer12_DR53X-PU_S10_START53_V7A-v1_AODSIM_33_1_moQ.root)
<InputModule>: Processed 31000 entries (W3JetsToLNu_TuneZ2Star_8TeV-madgraph_Summer12_DR53X-PU_S10_START53_V7A-v1_AODSIM_33_1_moQ.root)
<InputModule>: Processed 32000 entries (W3JetsToLNu_TuneZ2Star_8TeV-madgraph_Summer12_DR53X-PU_S10_START53_V7A-v1_AODSIM_33_1_moQ.root)
<InputModule>: Processed 33000 entries (W3JetsToLNu_TuneZ2Star_8TeV-madgraph_Summer12_DR53X-PU_S10_START53_V7A-v1_AODSIM_33_1_moQ.root)
<InputModule>: Processed 34000 entries (W3JetsToLNu_TuneZ2Star_8TeV-madgraph_Summer12_DR53X-PU_S10_START53_V7A-v1_AODSIM_33_1_moQ.root)
<InputModule>: Processed 35000 entries (W3JetsToLNu_TuneZ2Star_8TeV-madgraph_Summer12_DR53X-PU_S10_START53_V7A-v1_AODSIM_33_1_moQ.root)
<InputModule>: Processed 36000 entries (W3JetsToLNu_TuneZ2Star_8TeV-madgraph_Summer12_DR53X-PU_S10_START53_V7A-v1_AODSIM_33_1_moQ.root)
<InputModule>: Processed 37000 entries (W3JetsToLNu_TuneZ2Star_8TeV-madgraph_Summer12_DR53X-PU_S10_START53_V7A-v1_AODSIM_33_1_moQ.root)
<InputModule>: Processed 38000 entries (W3JetsToLNu_TuneZ2Star_8TeV-madgraph_Summer12_DR53X-PU_S10_START53_V7A-v1_AODSIM_33_1_moQ.root)
<InputModule>: Processed 39000 entries (W3JetsToLNu_TuneZ2Star_8TeV-madgraph_Summer12_DR53X-PU_S10_START53_V7A-v1_AODSIM_33_1_moQ.root)
<InputModule>: Processed 40000 entries (W3JetsToLNu_TuneZ2Star_8TeV-madgraph_Summer12_DR53X-PU_S10_START53_V7A-v1_AODSIM_340_6_v10.root)
<InputModule>: Processed 41000 entries (W3JetsToLNu_TuneZ2Star_8TeV-madgraph_Summer12_DR53X-PU_S10_START53_V7A-v1_AODSIM_340_6_v10.root)
<InputModule>: Processed 42000 entries (W3JetsToLNu_TuneZ2Star_8TeV-madgraph_Summer12_DR53X-PU_S10_START53_V7A-v1_AODSIM_340_6_v10.root)
<InputModule>: Processed 43000 entries (W3JetsToLNu_TuneZ2Star_8TeV-madgraph_Summer12_DR53X-PU_S10_START53_V7A-v1_AODSIM_340_6_v10.root)
<InputModule>: Processed 44000 entries (W3JetsToLNu_TuneZ2Star_8TeV-madgraph_Summer12_DR53X-PU_S10_START53_V7A-v1_AODSIM_340_6_v10.root)
<InputModule>: Processed 45000 entries (W3JetsToLNu_TuneZ2Star_8TeV-madgraph_Summer12_DR53X-PU_S10_START53_V7A-v1_AODSIM_340_6_v10.root)
<InputModule>: Processed 46000 entries (W3JetsToLNu_TuneZ2Star_8TeV-madgraph_Summer12_DR53X-PU_S10_START53_V7A-v1_AODSIM_340_6_v10.root)
<InputModule>: Processed 47000 entries (W3JetsToLNu_TuneZ2Star_8TeV-madgraph_Summer12_DR53X-PU_S10_START53_V7A-v1_AODSIM_340_6_v10.root)
<InputModule>: Processed 48000 entries (W3JetsToLNu_TuneZ2Star_8TeV-madgraph_Summer12_DR53X-PU_S10_START53_V7A-v1_AODSIM_340_6_v10.root)
<InputModule>: Processed 49000 entries (W3JetsToLNu_TuneZ2Star_8TeV-madgraph_Summer12_DR53X-PU_S10_START53_V7A-v1_AODSIM_340_6_v10.root)
<InputModule>: Processed 50000 entries (W3JetsToLNu_TuneZ2Star_8TeV-madgraph_Summer12_DR53X-PU_S10_START53_V7A-v1_AODSIM_340_6_v10.root)
<InputModule>: Processed 51000 entries (W3JetsToLNu_TuneZ2Star_8TeV-madgraph_Summer12_DR53X-PU_S10_START53_V7A-v1_AODSIM_340_6_v10.root)
